2025-06-04 17:17:52,239 - INFO - 日志已设置，日志文件: Logs\risk_assessment_20250604_171752.log
2025-06-04 17:17:52,240 - INFO - === 开始风险评估 ===
2025-06-04 17:17:52,244 - INFO - 配置已加载: config/risk_assessment.yml
2025-06-04 17:17:52,245 - INFO - 加载数据文件: d:\JQB_Model\risk_assessment\data_files\processed\processed_data.csv
2025-06-04 17:17:52,275 - INFO - 数据已加载并缓存: processed_data, 共 4853 条记录
2025-06-04 17:17:52,276 - INFO - 数据已加载，共 4853 条记录
2025-06-04 17:17:52,276 - INFO - 开始计算风险评分...
2025-06-04 17:17:52,281 - INFO - 风险评分计算完成，共 4853 条记录
2025-06-04 17:17:52,282 - INFO - 风险评分计算完成
2025-06-04 17:17:52,715 - INFO - 结果已保存: d:\JQB_Model\risk_assessment\output\分析结果_20250604_171752\新单续保风险分析.xlsx
2025-06-04 17:17:52,744 - INFO - 结果已保存: d:\JQB_Model\risk_assessment\output\分析结果_20250604_171752\省份风险分析.xlsx
2025-06-04 17:17:52,777 - INFO - 结果已保存: d:\JQB_Model\risk_assessment\output\分析结果_20250604_171752\行业1级风险分析.xlsx
2025-06-04 17:17:52,812 - INFO - 结果已保存: d:\JQB_Model\risk_assessment\output\分析结果_20250604_171752\省份+行业1级分析.xlsx
2025-06-04 17:17:52,916 - INFO - 结果已保存: d:\JQB_Model\risk_assessment\output\分析结果_20250604_171752\新单续保+伤残+行业1级+省份+行业2级分析.xlsx
2025-06-04 17:17:52,916 - INFO - 创建JSON输出目录: d:\JQB_Model\risk_assessment\output\json_export
2025-06-04 17:17:52,917 - INFO - 读取Excel文件: d:\JQB_Model\risk_assessment\output\分析结果_20250604_171752\新单续保风险分析.xlsx
2025-06-04 17:17:53,798 - INFO - Excel文件已转换为JSON格式并保存: d:\JQB_Model\risk_assessment\output\json_export\新单续保风险分析_20250604_171753.json
2025-06-04 17:17:53,799 - INFO - 读取Excel文件: d:\JQB_Model\risk_assessment\output\分析结果_20250604_171752\省份风险分析.xlsx
2025-06-04 17:17:53,821 - INFO - Excel文件已转换为JSON格式并保存: d:\JQB_Model\risk_assessment\output\json_export\省份风险分析_20250604_171753.json
2025-06-04 17:17:53,822 - INFO - 读取Excel文件: d:\JQB_Model\risk_assessment\output\分析结果_20250604_171752\行业1级风险分析.xlsx
2025-06-04 17:17:53,846 - INFO - Excel文件已转换为JSON格式并保存: d:\JQB_Model\risk_assessment\output\json_export\行业1级风险分析_20250604_171753.json
2025-06-04 17:17:53,847 - INFO - 读取Excel文件: d:\JQB_Model\risk_assessment\output\分析结果_20250604_171752\省份+行业1级分析.xlsx
2025-06-04 17:17:53,877 - INFO - Excel文件已转换为JSON格式并保存: d:\JQB_Model\risk_assessment\output\json_export\省份+行业1级分析_20250604_171753.json
2025-06-04 17:17:53,878 - INFO - 读取Excel文件: d:\JQB_Model\risk_assessment\output\分析结果_20250604_171752\新单续保+伤残+行业1级+省份+行业2级分析.xlsx
2025-06-04 17:17:53,966 - INFO - Excel文件已转换为JSON格式并保存: d:\JQB_Model\risk_assessment\output\json_export\新单续保+伤残+行业1级+省份+行业2级分析_20250604_171753.json
2025-06-04 17:17:53,966 - INFO - 已导出 5 个JSON文件到 d:\JQB_Model\risk_assessment\output\json_export
2025-06-04 17:17:53,966 - INFO - 结果已保存到 d:\JQB_Model\risk_assessment\output
2025-06-04 17:17:53,967 - INFO - 结果已同时导出为JSON格式
2025-06-04 17:17:53,967 - INFO - === 风险评估完成 ===
